c:\gameprograming\modern c++\module\module\x64\debug\vc143.pdb
c:\gameprograming\modern c++\module\module\x64\debug\vc143.idb
c:\gameprograming\modern c++\module\module\x64\debug\socketaddress.obj
c:\gameprograming\modern c++\module\module\x64\debug\main.obj
c:\gameprograming\modern c++\module\module\x64\debug\cstdint_bjcph0uguran1y7m.ifc
c:\gameprograming\modern c++\module\module\x64\debug\cstdint_bjcph0uguran1y7m.ifc.d.json
c:\gameprograming\modern c++\module\module\x64\debug\cstdint_bjcph0uguran1y7m.obj
c:\gameprograming\modern c++\module\module\x64\debug\memory_ig61j5ni1m9e0upc.ifc
c:\gameprograming\modern c++\module\module\x64\debug\memory_ig61j5ni1m9e0upc.ifc.d.json
c:\gameprograming\modern c++\module\module\x64\debug\memory_ig61j5ni1m9e0upc.obj
c:\gameprograming\modern c++\module\module\x64\debug\string_m4i6qiy0w3s1fvyz.ifc
c:\gameprograming\modern c++\module\module\x64\debug\string_m4i6qiy0w3s1fvyz.ifc.d.json
c:\gameprograming\modern c++\module\module\x64\debug\string_m4i6qiy0w3s1fvyz.obj
c:\gameprograming\modern c++\module\module\x64\debug\ws2tcpip.h_atu2rp2msjrsu6ie.ifc
c:\gameprograming\modern c++\module\module\x64\debug\ws2tcpip.h_atu2rp2msjrsu6ie.ifc.d.json
c:\gameprograming\modern c++\module\module\x64\debug\ws2tcpip.h_atu2rp2msjrsu6ie.obj
c:\gameprograming\modern c++\module\module\x64\debug\winsock2.h_3394rbk8sims71tr.ifc
c:\gameprograming\modern c++\module\module\x64\debug\winsock2.h_3394rbk8sims71tr.ifc.d.json
c:\gameprograming\modern c++\module\module\x64\debug\winsock2.h_3394rbk8sims71tr.obj
c:\gameprograming\modern c++\module\module\x64\debug\ptrutils.ixx.ifc
c:\gameprograming\modern c++\module\module\x64\debug\ptrutils.ixx.ifc.d.json
c:\gameprograming\modern c++\module\module\x64\debug\ptrutils.ixx.obj
c:\gameprograming\modern c++\module\module\x64\debug\socketaddress.ixx.ifc
c:\gameprograming\modern c++\module\module\x64\debug\socketaddress.ixx.ifc.d.json
c:\gameprograming\modern c++\module\module\x64\debug\socketaddress.ixx.obj
c:\gameprograming\modern c++\module\x64\debug\module.exe
c:\gameprograming\modern c++\module\x64\debug\module.pdb
c:\gameprograming\modern c++\module\module\x64\debug\ws2tcpip.h_atu2rp2msjrsu6ie.module.json
c:\gameprograming\modern c++\module\module\x64\debug\cstdint_bjcph0uguran1y7m.module.json
c:\gameprograming\modern c++\module\module\x64\debug\string_m4i6qiy0w3s1fvyz.module.json
c:\gameprograming\modern c++\module\module\x64\debug\memory_ig61j5ni1m9e0upc.module.json
c:\gameprograming\modern c++\module\module\x64\debug\winsock2.h_3394rbk8sims71tr.module.json
c:\gameprograming\modern c++\module\module\x64\debug\ptrutils.ixx.module.json
c:\gameprograming\modern c++\module\module\x64\debug\socketaddress.ixx.module.json
c:\gameprograming\modern c++\module\module\x64\debug\module.ilk
c:\gameprograming\modern c++\module\module\x64\debug\module.tlog\cl.command.1.tlog
c:\gameprograming\modern c++\module\module\x64\debug\module.tlog\cl.items.tlog
c:\gameprograming\modern c++\module\module\x64\debug\module.tlog\cl.read.1.tlog
c:\gameprograming\modern c++\module\module\x64\debug\module.tlog\cl.write.1.tlog
c:\gameprograming\modern c++\module\module\x64\debug\module.tlog\link.command.1.tlog
c:\gameprograming\modern c++\module\module\x64\debug\module.tlog\link.read.1.tlog
c:\gameprograming\modern c++\module\module\x64\debug\module.tlog\link.secondary.1.tlog
c:\gameprograming\modern c++\module\module\x64\debug\module.tlog\link.write.1.tlog
c:\gameprograming\modern c++\module\module\x64\debug\module_md.tlog\cl.command.1.tlog
c:\gameprograming\modern c++\module\module\x64\debug\module_md.tlog\microsoft.build.cpptasks.cl.read.1.tlog
c:\gameprograming\modern c++\module\module\x64\debug\module_md.tlog\microsoft.build.cpptasks.cl.write.1.tlog
