c:\gameprograming\modern c++\c++20\c++20\x64\debug\vc143.pdb
c:\gameprograming\modern c++\c++20\c++20\x64\debug\vc143.idb
c:\gameprograming\modern c++\c++20\c++20\x64\debug\person.obj
c:\gameprograming\modern c++\c++20\c++20\x64\debug\mycoroutine.obj
c:\gameprograming\modern c++\c++20\c++20\x64\debug\module.obj
c:\gameprograming\modern c++\c++20\c++20\x64\debug\concept.obj
c:\gameprograming\modern c++\c++20\c++20\x64\debug\person.ixx.ifc
c:\gameprograming\modern c++\c++20\c++20\x64\debug\person.ixx.ifc.d.json
c:\gameprograming\modern c++\c++20\c++20\x64\debug\person.ixx.obj
c:\gameprograming\modern c++\c++20\c++20\x64\debug\math_time.ixx.ifc
c:\gameprograming\modern c++\c++20\c++20\x64\debug\math_time.ixx.ifc.d.json
c:\gameprograming\modern c++\c++20\c++20\x64\debug\math_time.ixx.obj
c:\gameprograming\modern c++\c++20\c++20\x64\debug\mathpartition.ixx.ifc
c:\gameprograming\modern c++\c++20\c++20\x64\debug\mathpartition.ixx.ifc.d.json
c:\gameprograming\modern c++\c++20\c++20\x64\debug\mathpartition.ixx.obj
c:\gameprograming\modern c++\c++20\c++20\x64\debug\mathpartition_1.ixx.ifc
c:\gameprograming\modern c++\c++20\c++20\x64\debug\mathpartition_1.ixx.ifc.d.json
c:\gameprograming\modern c++\c++20\c++20\x64\debug\mathpartition_1.ixx.obj
c:\gameprograming\modern c++\c++20\c++20\x64\debug\vector_neajgauoor9tzc2f.ifc
c:\gameprograming\modern c++\c++20\c++20\x64\debug\vector_neajgauoor9tzc2f.ifc.d.json
c:\gameprograming\modern c++\c++20\c++20\x64\debug\vector_neajgauoor9tzc2f.obj
c:\gameprograming\modern c++\c++20\c++20\x64\debug\string_m4i6qiy0w3s1fvyz.ifc
c:\gameprograming\modern c++\c++20\c++20\x64\debug\string_m4i6qiy0w3s1fvyz.ifc.d.json
c:\gameprograming\modern c++\c++20\c++20\x64\debug\string_m4i6qiy0w3s1fvyz.obj
c:\gameprograming\modern c++\c++20\c++20\x64\debug\math.ixx.ifc
c:\gameprograming\modern c++\c++20\c++20\x64\debug\math.ixx.ifc.d.json
c:\gameprograming\modern c++\c++20\c++20\x64\debug\math.ixx.obj
c:\gameprograming\modern c++\c++20\c++20\x64\debug\mathpartition_2.ixx.ifc
c:\gameprograming\modern c++\c++20\c++20\x64\debug\mathpartition_2.ixx.ifc.d.json
c:\gameprograming\modern c++\c++20\c++20\x64\debug\mathpartition_2.ixx.obj
c:\gameprograming\modern c++\c++20\c++20\x64\debug\iostream_c0eg53iezmy31mp6.ifc
c:\gameprograming\modern c++\c++20\c++20\x64\debug\iostream_c0eg53iezmy31mp6.ifc.d.json
c:\gameprograming\modern c++\c++20\c++20\x64\debug\iostream_c0eg53iezmy31mp6.obj
c:\gameprograming\modern c++\c++20\x64\debug\c++20.exe
c:\gameprograming\modern c++\c++20\x64\debug\c++20.pdb
c:\gameprograming\modern c++\c++20\c++20\x64\debug\math_time.ixx.module.json
c:\gameprograming\modern c++\c++20\c++20\x64\debug\person.ixx.module.json
c:\gameprograming\modern c++\c++20\c++20\x64\debug\mathpartition_2.ixx.module.json
c:\gameprograming\modern c++\c++20\c++20\x64\debug\math.ixx.module.json
c:\gameprograming\modern c++\c++20\c++20\x64\debug\mathpartition_1.ixx.module.json
c:\gameprograming\modern c++\c++20\c++20\x64\debug\mathpartition.ixx.module.json
c:\gameprograming\modern c++\c++20\c++20\x64\debug\string_m4i6qiy0w3s1fvyz.module.json
c:\gameprograming\modern c++\c++20\c++20\x64\debug\iostream_c0eg53iezmy31mp6.module.json
c:\gameprograming\modern c++\c++20\c++20\x64\debug\vector_neajgauoor9tzc2f.module.json
c:\gameprograming\modern c++\c++20\c++20\x64\debug\c++20.ilk
c:\gameprograming\modern c++\c++20\c++20\x64\debug\c++20.tlog\cl.command.1.tlog
c:\gameprograming\modern c++\c++20\c++20\x64\debug\c++20.tlog\cl.items.tlog
c:\gameprograming\modern c++\c++20\c++20\x64\debug\c++20.tlog\cl.read.1.tlog
c:\gameprograming\modern c++\c++20\c++20\x64\debug\c++20.tlog\cl.write.1.tlog
c:\gameprograming\modern c++\c++20\c++20\x64\debug\c++20.tlog\link.command.1.tlog
c:\gameprograming\modern c++\c++20\c++20\x64\debug\c++20.tlog\link.read.1.tlog
c:\gameprograming\modern c++\c++20\c++20\x64\debug\c++20.tlog\link.secondary.1.tlog
c:\gameprograming\modern c++\c++20\c++20\x64\debug\c++20.tlog\link.write.1.tlog
c:\gameprograming\modern c++\c++20\c++20\x64\debug\c++20_md.tlog\cl.command.1.tlog
c:\gameprograming\modern c++\c++20\c++20\x64\debug\c++20_md.tlog\microsoft.build.cpptasks.cl.read.1.tlog
c:\gameprograming\modern c++\c++20\c++20\x64\debug\c++20_md.tlog\microsoft.build.cpptasks.cl.write.1.tlog
